2014-03-05 11:33:48 Error: [MissingControllerException] Controller class CakephpController could not be found.
Exception Attributes: array (
  'class' => 'CakephpController',
  'plugin' => NULL,
)
Request URL: /cakephp/
Stack Trace:
#0 C:\wamp\www\app\webroot\index.php(108): Dispatcher->dispatch(Object(CakeRequest), Object(CakeResponse))
#1 {main}
2014-03-05 11:33:55 Error: [MissingControllerException] Controller class CakephpController could not be found.
Exception Attributes: array (
  'class' => 'CakephpController',
  'plugin' => NULL,
)
Request URL: /cakephp/
Stack Trace:
#0 C:\wamp\www\app\webroot\index.php(108): Dispatcher->dispatch(Object(CakeRequest), Object(CakeResponse))
#1 {main}
2014-03-05 13:45:12 Error: [MissingControllerException] Controller class BootstrapController could not be found.
Exception Attributes: array (
  'class' => 'BootstrapController',
  'plugin' => NULL,
)
Request URL: /bootstrap/
Stack Trace:
#0 C:\wamp\www\app\webroot\index.php(108): Dispatcher->dispatch(Object(CakeRequest), Object(CakeResponse))
#1 {main}
2014-03-05 13:45:36 Error: [MissingControllerException] Controller class BootstrapController could not be found.
Exception Attributes: array (
  'class' => 'BootstrapController',
  'plugin' => NULL,
)
Request URL: /bootstrap/summarizer/
Stack Trace:
#0 C:\wamp\www\app\webroot\index.php(108): Dispatcher->dispatch(Object(CakeRequest), Object(CakeResponse))
#1 {main}
2014-03-05 13:45:41 Error: [MissingControllerException] Controller class BootstrapController could not be found.
Exception Attributes: array (
  'class' => 'BootstrapController',
  'plugin' => NULL,
)
Request URL: /bootstrap/summarizer/index.html
Stack Trace:
#0 C:\wamp\www\app\webroot\index.php(108): Dispatcher->dispatch(Object(CakeRequest), Object(CakeResponse))
#1 {main}
2014-03-05 14:20:31 Error: [MissingControllerException] Controller class AssetsController could not be found.
Exception Attributes: array (
  'class' => 'AssetsController',
  'plugin' => NULL,
)
Request URL: /assets/ico/favicon.ico
Stack Trace:
#0 C:\wamp\www\app\webroot\index.php(108): Dispatcher->dispatch(Object(CakeRequest), Object(CakeResponse))
#1 {main}
2014-03-05 14:39:04 Error: [MissingControllerException] Controller class AssetsController could not be found.
Exception Attributes: array (
  'class' => 'AssetsController',
  'plugin' => NULL,
)
Request URL: /assets/ico/favicon.ico
Stack Trace:
#0 C:\wamp\www\app\webroot\index.php(108): Dispatcher->dispatch(Object(CakeRequest), Object(CakeResponse))
#1 {main}
2014-03-06 15:55:32 Error: [MissingControllerException] Controller class UsersController could not be found.
Exception Attributes: array (
  'class' => 'UsersController',
  'plugin' => NULL,
)
Request URL: /users/login
Stack Trace:
#0 C:\websites\crowd-summary\app\webroot\index.php(108): Dispatcher->dispatch(Object(CakeRequest), Object(CakeResponse))
#1 {main}
2014-03-06 15:56:39 Error: [MissingViewException] View file "C:\websites\crowd-summary\app\View\Users\index.ctp" is missing.
Exception Attributes: array (
  'file' => 'C:\\websites\\crowd-summary\\app\\View\\Users\\index.ctp',
)
Request URL: /users/
Stack Trace:
#0 C:\websites\crowd-summary\lib\Cake\View\View.php(463): View->_getViewFileName(NULL)
#1 C:\websites\crowd-summary\lib\Cake\Controller\Controller.php(952): View->render(NULL, NULL)
#2 C:\websites\crowd-summary\lib\Cake\Routing\Dispatcher.php(192): Controller->render()
#3 C:\websites\crowd-summary\lib\Cake\Routing\Dispatcher.php(160): Dispatcher->_invoke(Object(UsersController), Object(CakeRequest), Object(CakeResponse))
#4 C:\websites\crowd-summary\app\webroot\index.php(108): Dispatcher->dispatch(Object(CakeRequest), Object(CakeResponse))
#5 {main}
2014-03-06 15:58:30 Error: [MissingViewException] View file "C:\websites\crowd-summary\app\View\Users\index.ctp" is missing.
Exception Attributes: array (
  'file' => 'C:\\websites\\crowd-summary\\app\\View\\Users\\index.ctp',
)
Request URL: /users
Stack Trace:
#0 C:\websites\crowd-summary\lib\Cake\View\View.php(463): View->_getViewFileName(NULL)
#1 C:\websites\crowd-summary\lib\Cake\Controller\Controller.php(952): View->render(NULL, NULL)
#2 C:\websites\crowd-summary\lib\Cake\Routing\Dispatcher.php(192): Controller->render()
#3 C:\websites\crowd-summary\lib\Cake\Routing\Dispatcher.php(160): Dispatcher->_invoke(Object(UsersController), Object(CakeRequest), Object(CakeResponse))
#4 C:\websites\crowd-summary\app\webroot\index.php(108): Dispatcher->dispatch(Object(CakeRequest), Object(CakeResponse))
#5 {main}
2014-03-06 16:01:16 Error: Fatal Error (1): Class 'SimplePasswordHasher' not found in [C:\websites\crowd-summary\app\Model\User.php, line 32]
2014-03-06 16:01:16 Error: [FatalErrorException] Class 'SimplePasswordHasher' not found
Request URL: /users/add
Stack Trace:
#0 C:\websites\crowd-summary\lib\Cake\Error\ErrorHandler.php(203): ErrorHandler::handleFatalError(1, 'Class 'SimplePa...', 'C:\websites\cro...', 32)
#1 [internal function]: ErrorHandler::handleError(1, 'Class 'SimplePa...', 'C:\websites\cro...', 32, Array)
#2 C:\websites\crowd-summary\lib\Cake\Core\App.php(929): call_user_func('ErrorHandler::h...', 1, 'Class 'SimplePa...', 'C:\websites\cro...', 32, Array)
#3 C:\websites\crowd-summary\lib\Cake\Core\App.php(902): App::_checkFatalError()
#4 [internal function]: App::shutdown()
#5 {main}
2014-03-06 16:04:36 Error: [MissingViewException] View file "C:\websites\crowd-summary\app\View\Users\index.ctp" is missing.
Exception Attributes: array (
  'file' => 'C:\\websites\\crowd-summary\\app\\View\\Users\\index.ctp',
)
Request URL: /users
Stack Trace:
#0 C:\websites\crowd-summary\lib\Cake\View\View.php(463): View->_getViewFileName(NULL)
#1 C:\websites\crowd-summary\lib\Cake\Controller\Controller.php(952): View->render(NULL, NULL)
#2 C:\websites\crowd-summary\lib\Cake\Routing\Dispatcher.php(192): Controller->render()
#3 C:\websites\crowd-summary\lib\Cake\Routing\Dispatcher.php(160): Dispatcher->_invoke(Object(UsersController), Object(CakeRequest), Object(CakeResponse))
#4 C:\websites\crowd-summary\app\webroot\index.php(108): Dispatcher->dispatch(Object(CakeRequest), Object(CakeResponse))
#5 {main}
2014-03-06 16:11:07 Error: [MissingViewException] View file "C:\websites\crowd-summary\app\View\Users\edit.ctp" is missing.
Exception Attributes: array (
  'file' => 'C:\\websites\\crowd-summary\\app\\View\\Users\\edit.ctp',
)
Request URL: /users/edit/1
Stack Trace:
#0 C:\websites\crowd-summary\lib\Cake\View\View.php(463): View->_getViewFileName(NULL)
#1 C:\websites\crowd-summary\lib\Cake\Controller\Controller.php(952): View->render(NULL, NULL)
#2 C:\websites\crowd-summary\lib\Cake\Routing\Dispatcher.php(192): Controller->render()
#3 C:\websites\crowd-summary\lib\Cake\Routing\Dispatcher.php(160): Dispatcher->_invoke(Object(UsersController), Object(CakeRequest), Object(CakeResponse))
#4 C:\websites\crowd-summary\app\webroot\index.php(108): Dispatcher->dispatch(Object(CakeRequest), Object(CakeResponse))
#5 {main}
2014-03-08 18:05:56 Error: [MissingControllerException] Controller class AssetsController could not be found.
Exception Attributes: array (
  'class' => 'AssetsController',
  'plugin' => NULL,
)
Request URL: /assets/ico/favicon.ico
Stack Trace:
#0 C:\wamp\www\app\webroot\index.php(108): Dispatcher->dispatch(Object(CakeRequest), Object(CakeResponse))
#1 {main}
2014-03-08 18:08:09 Error: [MissingControllerException] Controller class Users.phpController could not be found.
Exception Attributes: array (
  'class' => 'Users.phpController',
  'plugin' => NULL,
)
Request URL: /users.php
Stack Trace:
#0 C:\wamp\www\app\webroot\index.php(108): Dispatcher->dispatch(Object(CakeRequest), Object(CakeResponse))
#1 {main}
2014-03-08 18:13:57 Error: [MissingControllerException] Controller class UserController could not be found.
Exception Attributes: array (
  'class' => 'UserController',
  'plugin' => NULL,
)
Request URL: /user/login
Stack Trace:
#0 C:\wamp\www\app\webroot\index.php(108): Dispatcher->dispatch(Object(CakeRequest), Object(CakeResponse))
#1 {main}
2014-03-08 19:29:57 Error: [MissingControllerException] Controller class SummaryController could not be found.
Exception Attributes: array (
  'class' => 'SummaryController',
  'plugin' => NULL,
)
Request URL: /summary
Stack Trace:
#0 C:\wamp\www\app\webroot\index.php(108): Dispatcher->dispatch(Object(CakeRequest), Object(CakeResponse))
#1 {main}
2014-03-08 19:31:02 Error: [MissingViewException] View file "C:\wamp\www\app\View\Summary\index.ctp" is missing.
Exception Attributes: array (
  'file' => 'C:\\wamp\\www\\app\\View\\Summary\\index.ctp',
)
Request URL: /summary
Stack Trace:
#0 C:\wamp\www\lib\Cake\View\View.php(463): View->_getViewFileName(NULL)
#1 C:\wamp\www\lib\Cake\Controller\Controller.php(952): View->render(NULL, NULL)
#2 C:\wamp\www\lib\Cake\Routing\Dispatcher.php(192): Controller->render()
#3 C:\wamp\www\lib\Cake\Routing\Dispatcher.php(160): Dispatcher->_invoke(Object(SummaryController), Object(CakeRequest), Object(CakeResponse))
#4 C:\wamp\www\app\webroot\index.php(108): Dispatcher->dispatch(Object(CakeRequest), Object(CakeResponse))
#5 {main}
2014-03-08 19:36:42 Error: [MissingControllerException] Controller class DocumentController could not be found.
Exception Attributes: array (
  'class' => 'DocumentController',
  'plugin' => NULL,
)
Request URL: /document
Stack Trace:
#0 C:\wamp\www\app\webroot\index.php(108): Dispatcher->dispatch(Object(CakeRequest), Object(CakeResponse))
#1 {main}
2014-03-08 20:34:59 Error: [MissingControllerException] Controller class AdminController could not be found.
Exception Attributes: array (
  'class' => 'AdminController',
  'plugin' => NULL,
)
Request URL: /admin
Stack Trace:
#0 C:\wamp\www\app\webroot\index.php(108): Dispatcher->dispatch(Object(CakeRequest), Object(CakeResponse))
#1 {main}
2014-03-08 20:35:35 Error: [MissingViewException] View file "C:\wamp\www\app\View\Admin\phplite.ctp" is missing.
Exception Attributes: array (
  'file' => 'C:\\wamp\\www\\app\\View\\Admin\\phplite.ctp',
)
Request URL: /admin
Stack Trace:
#0 C:\wamp\www\lib\Cake\View\View.php(463): View->_getViewFileName(NULL)
#1 C:\wamp\www\lib\Cake\Controller\Controller.php(952): View->render(NULL, NULL)
#2 C:\wamp\www\lib\Cake\Routing\Dispatcher.php(192): Controller->render()
#3 C:\wamp\www\lib\Cake\Routing\Dispatcher.php(160): Dispatcher->_invoke(Object(AdminController), Object(CakeRequest), Object(CakeResponse))
#4 C:\wamp\www\app\webroot\index.php(108): Dispatcher->dispatch(Object(CakeRequest), Object(CakeResponse))
#5 {main}
2014-03-08 20:36:31 Error: [MissingControllerException] Controller class Phpliteadmin.phpController could not be found.
Exception Attributes: array (
  'class' => 'Phpliteadmin.phpController',
  'plugin' => NULL,
)
Request URL: /phpliteadmin.php
Stack Trace:
#0 C:\wamp\www\app\webroot\index.php(108): Dispatcher->dispatch(Object(CakeRequest), Object(CakeResponse))
#1 {main}
2014-03-08 20:37:22 Error: [MissingControllerException] Controller class Phpliteadmin.phpController could not be found.
Exception Attributes: array (
  'class' => 'Phpliteadmin.phpController',
  'plugin' => NULL,
)
Request URL: /phpliteadmin.php
Stack Trace:
#0 C:\wamp\www\app\webroot\index.php(108): Dispatcher->dispatch(Object(CakeRequest), Object(CakeResponse))
#1 {main}
2014-03-08 20:37:26 Error: [MissingControllerException] Controller class Phpliteadmin.phpController could not be found.
Exception Attributes: array (
  'class' => 'Phpliteadmin.phpController',
  'plugin' => NULL,
)
Request URL: /phpliteadmin.php
Stack Trace:
#0 C:\wamp\www\app\webroot\index.php(108): Dispatcher->dispatch(Object(CakeRequest), Object(CakeResponse))
#1 {main}
2014-03-08 20:37:43 Error: [MissingControllerException] Controller class Phpliteadmin.phpController could not be found.
Exception Attributes: array (
  'class' => 'Phpliteadmin.phpController',
  'plugin' => NULL,
)
Request URL: /phpliteadmin.php
Stack Trace:
#0 C:\wamp\www\app\webroot\index.php(108): Dispatcher->dispatch(Object(CakeRequest), Object(CakeResponse))
#1 {main}
2014-03-08 20:37:45 Error: [MissingControllerException] Controller class Phpliteadmin.phpController could not be found.
Exception Attributes: array (
  'class' => 'Phpliteadmin.phpController',
  'plugin' => NULL,
)
Request URL: /phpliteadmin.php
Stack Trace:
#0 C:\wamp\www\app\webroot\index.php(108): Dispatcher->dispatch(Object(CakeRequest), Object(CakeResponse))
#1 {main}
2014-03-08 20:37:51 Error: [MissingViewException] View file "C:\wamp\www\app\View\Admin\phplite.ctp" is missing.
Exception Attributes: array (
  'file' => 'C:\\wamp\\www\\app\\View\\Admin\\phplite.ctp',
)
Request URL: /phpliteadmin.php
Stack Trace:
#0 C:\wamp\www\lib\Cake\View\View.php(463): View->_getViewFileName(NULL)
#1 C:\wamp\www\lib\Cake\Controller\Controller.php(952): View->render(NULL, NULL)
#2 C:\wamp\www\lib\Cake\Routing\Dispatcher.php(192): Controller->render()
#3 C:\wamp\www\lib\Cake\Routing\Dispatcher.php(160): Dispatcher->_invoke(Object(AdminController), Object(CakeRequest), Object(CakeResponse))
#4 C:\wamp\www\app\webroot\index.php(108): Dispatcher->dispatch(Object(CakeRequest), Object(CakeResponse))
#5 {main}
2014-03-08 20:37:53 Error: [MissingViewException] View file "C:\wamp\www\app\View\Admin\phplite.ctp" is missing.
Exception Attributes: array (
  'file' => 'C:\\wamp\\www\\app\\View\\Admin\\phplite.ctp',
)
Request URL: /phpliteadmin.php
Stack Trace:
#0 C:\wamp\www\lib\Cake\View\View.php(463): View->_getViewFileName(NULL)
#1 C:\wamp\www\lib\Cake\Controller\Controller.php(952): View->render(NULL, NULL)
#2 C:\wamp\www\lib\Cake\Routing\Dispatcher.php(192): Controller->render()
#3 C:\wamp\www\lib\Cake\Routing\Dispatcher.php(160): Dispatcher->_invoke(Object(AdminController), Object(CakeRequest), Object(CakeResponse))
#4 C:\wamp\www\app\webroot\index.php(108): Dispatcher->dispatch(Object(CakeRequest), Object(CakeResponse))
#5 {main}
2014-03-08 20:40:29 Error: [MissingViewException] View file "C:\wamp\www\app\View\Admin\phplite.ctp" is missing.
Exception Attributes: array (
  'file' => 'C:\\wamp\\www\\app\\View\\Admin\\phplite.ctp',
)
Request URL: /phpliteadmin.php
Stack Trace:
#0 C:\wamp\www\lib\Cake\View\View.php(463): View->_getViewFileName(NULL)
#1 C:\wamp\www\lib\Cake\Controller\Controller.php(952): View->render(NULL, NULL)
#2 C:\wamp\www\lib\Cake\Routing\Dispatcher.php(192): Controller->render()
#3 C:\wamp\www\lib\Cake\Routing\Dispatcher.php(160): Dispatcher->_invoke(Object(AdminController), Object(CakeRequest), Object(CakeResponse))
#4 C:\wamp\www\app\webroot\index.php(108): Dispatcher->dispatch(Object(CakeRequest), Object(CakeResponse))
#5 {main}
2014-03-08 20:40:33 Error: [MissingViewException] View file "C:\wamp\www\app\View\Admin\phplite.ctp" is missing.
Exception Attributes: array (
  'file' => 'C:\\wamp\\www\\app\\View\\Admin\\phplite.ctp',
)
Request URL: /phpliteadmin.php
Stack Trace:
#0 C:\wamp\www\lib\Cake\View\View.php(463): View->_getViewFileName(NULL)
#1 C:\wamp\www\lib\Cake\Controller\Controller.php(952): View->render(NULL, NULL)
#2 C:\wamp\www\lib\Cake\Routing\Dispatcher.php(192): Controller->render()
#3 C:\wamp\www\lib\Cake\Routing\Dispatcher.php(160): Dispatcher->_invoke(Object(AdminController), Object(CakeRequest), Object(CakeResponse))
#4 C:\wamp\www\app\webroot\index.php(108): Dispatcher->dispatch(Object(CakeRequest), Object(CakeResponse))
#5 {main}
2014-03-08 20:40:39 Error: [MissingViewException] View file "C:\wamp\www\app\View\Admin\phplite.ctp" is missing.
Exception Attributes: array (
  'file' => 'C:\\wamp\\www\\app\\View\\Admin\\phplite.ctp',
)
Request URL: /phpliteadmin.php
Stack Trace:
#0 C:\wamp\www\lib\Cake\View\View.php(463): View->_getViewFileName(NULL)
#1 C:\wamp\www\lib\Cake\Controller\Controller.php(952): View->render(NULL, NULL)
#2 C:\wamp\www\lib\Cake\Routing\Dispatcher.php(192): Controller->render()
#3 C:\wamp\www\lib\Cake\Routing\Dispatcher.php(160): Dispatcher->_invoke(Object(AdminController), Object(CakeRequest), Object(CakeResponse))
#4 C:\wamp\www\app\webroot\index.php(108): Dispatcher->dispatch(Object(CakeRequest), Object(CakeResponse))
#5 {main}
2014-03-08 20:40:44 Error: [MissingViewException] View file "C:\wamp\www\app\View\Admin\phplite.ctp" is missing.
Exception Attributes: array (
  'file' => 'C:\\wamp\\www\\app\\View\\Admin\\phplite.ctp',
)
Request URL: /phpliteadmin.php
Stack Trace:
#0 C:\wamp\www\lib\Cake\View\View.php(463): View->_getViewFileName(NULL)
#1 C:\wamp\www\lib\Cake\Controller\Controller.php(952): View->render(NULL, NULL)
#2 C:\wamp\www\lib\Cake\Routing\Dispatcher.php(192): Controller->render()
#3 C:\wamp\www\lib\Cake\Routing\Dispatcher.php(160): Dispatcher->_invoke(Object(AdminController), Object(CakeRequest), Object(CakeResponse))
#4 C:\wamp\www\app\webroot\index.php(108): Dispatcher->dispatch(Object(CakeRequest), Object(CakeResponse))
#5 {main}
2014-03-08 20:40:45 Error: [MissingViewException] View file "C:\wamp\www\app\View\Admin\phplite.ctp" is missing.
Exception Attributes: array (
  'file' => 'C:\\wamp\\www\\app\\View\\Admin\\phplite.ctp',
)
Request URL: /phpliteadmin.php?action=row_view&table=users
Stack Trace:
#0 C:\wamp\www\lib\Cake\View\View.php(463): View->_getViewFileName(NULL)
#1 C:\wamp\www\lib\Cake\Controller\Controller.php(952): View->render(NULL, NULL)
#2 C:\wamp\www\lib\Cake\Routing\Dispatcher.php(192): Controller->render()
#3 C:\wamp\www\lib\Cake\Routing\Dispatcher.php(160): Dispatcher->_invoke(Object(AdminController), Object(CakeRequest), Object(CakeResponse))
#4 C:\wamp\www\app\webroot\index.php(108): Dispatcher->dispatch(Object(CakeRequest), Object(CakeResponse))
#5 {main}
2014-03-08 20:41:17 Error: [MissingViewException] View file "C:\wamp\www\app\View\Admin\phplite.ctp" is missing.
Exception Attributes: array (
  'file' => 'C:\\wamp\\www\\app\\View\\Admin\\phplite.ctp',
)
Request URL: /phpliteadmin.php
Stack Trace:
#0 C:\wamp\www\lib\Cake\View\View.php(463): View->_getViewFileName(NULL)
#1 C:\wamp\www\lib\Cake\Controller\Controller.php(952): View->render(NULL, NULL)
#2 C:\wamp\www\lib\Cake\Routing\Dispatcher.php(192): Controller->render()
#3 C:\wamp\www\lib\Cake\Routing\Dispatcher.php(160): Dispatcher->_invoke(Object(AdminController), Object(CakeRequest), Object(CakeResponse))
#4 C:\wamp\www\app\webroot\index.php(108): Dispatcher->dispatch(Object(CakeRequest), Object(CakeResponse))
#5 {main}
